<?xml version="1.0" encoding="utf-8"?><testsuites name="pytest tests"><testsuite name="pytest" errors="0" failures="0" skipped="0" tests="33" time="3.368" timestamp="2026-08-16T06:42:25.835117+00:00" hostname="agent-env-455ceee0-dc5c-46f7-ba50-671d85dd6a0b"><testcase classname="tests.test_sahaysetu_modules" name="test_401_without_token[survivors]" time="0.190" /><testcase classname="tests.test_sahaysetu_modules" name="test_401_without_token[volunteers]" time="0.247" /><testcase classname="tests.test_sahaysetu_modules" name="test_401_without_token[teams]" time="0.104" /><testcase classname="tests.test_sahaysetu_modules.TestSurvivors" name="test_list_shape" time="0.576" /><testcase classname="tests.test_sahaysetu_modules" name="test_401_without_token[resources]" time="0.103" /><testcase classname="tests.test_sahaysetu_modules.TestSurvivors" name="test_requires_auth" time="0.101" /><testcase classname="tests.test_sahaysetu_modules" name="test_401_without_token[requests]" time="0.096" /><testcase classname="tests.test_sahaysetu_modules.TestSurvivors" name="test_filter_status" time="0.139" /><testcase classname="tests.test_sahaysetu_modules" name="test_401_without_token[shelters]" time="0.098" /><testcase classname="tests.test_sahaysetu_modules.TestSurvivors" name="test_filter_priority" time="0.096" /><testcase classname="tests.test_sahaysetu_modules" name="test_401_without_token[conversations]" time="0.145" /><testcase classname="tests.test_sahaysetu_modules.TestSurvivors" name="test_search" time="0.282" /><testcase classname="tests.test_sahaysetu_modules" name="test_401_without_token[alerts]" time="0.104" /><testcase classname="tests.test_sahaysetu_modules" name="test_401_without_token[reports]" time="0.135" /><testcase classname="tests.test_sahaysetu_modules.TestSurvivors" name="test_create" time="0.246" /><testcase classname="tests.test_sahaysetu_modules" name="test_401_without_token[analytics]" time="0.141" /><testcase classname="tests.test_sahaysetu_modules" name="test_401_without_token[auth/profile]" time="0.093" /><testcase classname="tests.test_sahaysetu_modules.TestVolunteers" name="test_list" time="0.096" /><testcase classname="tests.test_sahaysetu_modules.TestVolunteers" name="test_auth" time="0.233" /><testcase classname="tests.test_sahaysetu_modules.TestResources" name="test_list_and_fields" time="0.406" /><testcase classname="tests.test_sahaysetu_modules.TestRequests" name="test_list" time="0.097" /><testcase classname="tests.test_sahaysetu_modules.TestResources" name="test_filter_category" time="0.194" /><testcase classname="tests.test_sahaysetu_modules.TestRequests" name="test_create_and_advance" time="0.241" /><testcase classname="tests.test_sahaysetu_modules.TestMessages" name="test_conversations" time="0.096" /><testcase classname="tests.test_sahaysetu_modules.TestAlerts" name="test_list" time="0.098" /><testcase classname="tests.test_sahaysetu_modules.TestMessages" name="test_thread_and_post" time="0.480" /><testcase classname="tests.test_sahaysetu_modules.TestAlerts" name="test_patch" time="0.192" /><testcase classname="tests.test_sahaysetu_modules.TestTeams" name="test_enriched" time="0.141" /><testcase classname="tests.test_sahaysetu_modules.TestShelters" name="test_list" time="0.095" /><testcase classname="tests.test_sahaysetu_modules.TestProfile" name="test_get" time="0.096" /><testcase classname="tests.test_sahaysetu_modules.TestReports" name="test_list" time="0.095" /><testcase classname="tests.test_sahaysetu_modules.TestAnalytics" name="test_datasets" time="0.100" /><testcase classname="tests.test_sahaysetu_modules.TestProfile" name="test_patch" time="0.298" /></testsuite></testsuites>