<?xml version="1.0" encoding="utf-8"?><testsuites name="pytest tests"><testsuite name="pytest" errors="0" failures="0" skipped="0" tests="16" time="7.742" timestamp="2026-08-16T06:14:07.402281+00:00" hostname="agent-env-455ceee0-dc5c-46f7-ba50-671d85dd6a0b"><testcase classname="tests.test_sahaysetu_api" name="test_health" time="0.481" /><testcase classname="tests.test_sahaysetu_api" name="test_login_seed_returns_token_and_user" time="0.367" /><testcase classname="tests.test_sahaysetu_api" name="test_login_wrong_password" time="0.341" /><testcase classname="tests.test_sahaysetu_api" name="test_me_requires_bearer" time="0.100" /><testcase classname="tests.test_sahaysetu_api" name="test_me_invalid_token" time="0.098" /><testcase classname="tests.test_sahaysetu_api" name="test_me_ok" time="0.462" /><testcase classname="tests.test_sahaysetu_api" name="test_register_verify_flow_and_duplicate" time="1.281" /><testcase classname="tests.test_sahaysetu_api" name="test_forgot_and_reset_password" time="2.435" /><testcase classname="tests.test_sahaysetu_api" name="test_gov_login_and_role_and_logout" time="0.295" /><testcase classname="tests.test_sahaysetu_api" name="test_dashboard_summary_shape" time="0.097" /><testcase classname="tests.test_sahaysetu_api" name="test_dashboard_requires_auth" time="0.102" /><testcase classname="tests.test_sahaysetu_api" name="test_incidents_list_and_filters" time="0.419" /><testcase classname="tests.test_sahaysetu_api" name="test_incident_detail_and_404" time="0.194" /><testcase classname="tests.test_sahaysetu_api" name="test_incident_patch_status_and_add_update" time="0.291" /><testcase classname="tests.test_sahaysetu_api" name="test_map_markers" time="0.097" /><testcase classname="tests.test_sahaysetu_api" name="test_no_mongo_id_leak" time="0.303" /></testsuite></testsuites>