<?xml version="1.0" encoding="utf-8"?><testsuites name="pytest tests"><testsuite name="pytest" errors="0" failures="0" skipped="0" tests="3" time="1.400" timestamp="2026-08-15T17:29:49.259093+00:00" hostname="agent-env-455ceee0-dc5c-46f7-ba50-671d85dd6a0b"><testcase classname="tests.test_core_api" name="test_health_and_core_reads" time="0.512" /><testcase classname="tests.test_core_api" name="test_sos_message_resource_incident_posts" time="0.461" /><testcase classname="tests.test_core_api" name="test_missing_person_post" time="0.114" /></testsuite></testsuites>