<?xml version="1.0" encoding="utf-8"?><testsuites name="pytest tests"><testsuite name="pytest" errors="0" failures="0" skipped="0" tests="12" time="2.600" timestamp="2026-08-16T04:50:29.972870+00:00" hostname="agent-env-455ceee0-dc5c-46f7-ba50-671d85dd6a0b"><testcase classname="tests.test_core_api" name="test_health" time="0.211" /><testcase classname="tests.test_core_api" name="test_announcements_list" time="0.141" /><testcase classname="tests.test_core_api" name="test_tasks_include_lat_lng" time="0.097" /><testcase classname="tests.test_core_api" name="test_inventory_list" time="0.124" /><testcase classname="tests.test_core_api" name="test_sos_create_and_get" time="0.220" /><testcase classname="tests.test_core_api" name="test_messages_create_and_get" time="0.192" /><testcase classname="tests.test_core_api" name="test_resource_create" time="0.111" /><testcase classname="tests.test_core_api" name="test_missing_person_create" time="0.107" /><testcase classname="tests.test_core_api" name="test_incident_create" time="0.101" /><testcase classname="tests.test_core_api" name="test_patch_task_accept_flow" time="0.333" /><testcase classname="tests.test_core_api" name="test_patch_task_404" time="0.102" /><testcase classname="tests.test_core_api" name="test_no_mongo_objectid_leak" time="0.500" /></testsuite></testsuites>